[Executed at: Tue Feb 18 22:28:27 PST 2025]

============================================================
BST.java successfully compiled.
============================================================
Tests Passed: 14 / 32

[Test Failure: add] [-0.31] : Unexpected content after attempting to add duplicate data.

+----------------+
| Initial Tree:  |
|                |
|   1            |
|  /   \         |
| 0     2        |
|                |
|                |
| Expected Tree: |
|                |
|   1            |
|  /   \         |
| 0     2        |
|                |
|                |
| Actual Tree:   |
|                |
|   1            |
|      \         |
|       2        |
+----------------+
 

[Test Failure: remove] [-0.31] : This remove test was inconclusive due to: java.util.NoSuchElementException: Data does not present in the tree!
Here is the stack trace to help identify the error in your code:
	at BST.remove, line number: 92 

[Test Failure: remove] [-0.31] : This remove test was inconclusive due to: java.util.NoSuchElementException: Data does not present in the tree!
Here is the stack trace to help identify the error in your code:
	at BST.remove, line number: 92 

[Test Failure: remove] [-0.31] : This remove test was inconclusive due to: java.util.NoSuchElementException: Data does not present in the tree!
Here is the stack trace to help identify the error in your code:
	at BST.remove, line number: 92 

[Test Failure: remove] [-0.31] : This remove test was inconclusive due to: java.util.NoSuchElementException: Data does not present in the tree!
Here is the stack trace to help identify the error in your code:
	at BST.remove, line number: 92 

[Test Failure: remove] [-0.31] : This remove test was inconclusive due to: java.util.NoSuchElementException: Data does not present in the tree!
Here is the stack trace to help identify the error in your code:
	at BST.remove, line number: 92 

[Test Failure: remove] [-0.31] : This remove test was inconclusive due to: java.util.NoSuchElementException: Data does not present in the tree!
Here is the stack trace to help identify the error in your code:
	at BST.remove, line number: 92 

[Test Failure: remove] [-0.31] : This remove test was inconclusive due to: java.util.NoSuchElementException: Data does not present in the tree!
Here is the stack trace to help identify the error in your code:
	at BST.remove, line number: 92 

[Test Failure: remove] [-0.31] : This remove test was inconclusive due to: java.util.NoSuchElementException: Data does not present in the tree!
Here is the stack trace to help identify the error in your code:
	at BST.remove, line number: 92 

[Test Failure: remove] [-0.31] : This remove test was inconclusive due to: java.util.NoSuchElementException: Data does not present in the tree!
Here is the stack trace to help identify the error in your code:
	at BST.remove, line number: 92 

[Test Failure: remove] [-0.31] : This remove test was inconclusive due to: java.util.NoSuchElementException: Data does not present in the tree!
Here is the stack trace to help identify the error in your code:
	at BST.remove, line number: 92 

[Test Failure: remove] [-0.31] : This remove test was inconclusive due to: java.util.NoSuchElementException: Data does not present in the tree!
Here is the stack trace to help identify the error in your code:
	at BST.remove, line number: 92 

[Test Failure: remove] [-0.31] : This remove test was inconclusive due to: java.util.NoSuchElementException: Data does not present in the tree!
Here is the stack trace to help identify the error in your code:
	at BST.remove, line number: 92 

[Test Failure: remove] [-0.31] : This remove test was inconclusive due to: java.util.NoSuchElementException: Data does not present in the tree!
Here is the stack trace to help identify the error in your code:
	at BST.remove, line number: 92 

[Test Failure: remove] [-0.31] : This remove test was inconclusive due to: java.util.NoSuchElementException: Data does not present in the tree!
Here is the stack trace to help identify the error in your code:
	at BST.remove, line number: 92 

[Test Failure: validSize] [-0.31] : Size variable could not be validated for the following method(s) due to early test failure(s): add, remove. 

[Test Failure: dataHandling] [-0.31] : Returned data and == usage could not be checked due to early test failure(s) in remove(). 

[Test Failure: compareTo] [-0.31] : Correct compareTo() usage could not be validated for the following method(s) due to early test failure(s): remove, add. 


Score: 4.38 / 10.0
============================================================